
*** Running vivado
    with args -log eight_bit_counter.vds -m64 -product Vivado -mode batch -messageDb vivado.pb -notrace -source eight_bit_counter.tcl


****** Vivado v2017.2 (64-bit)
  **** SW Build 1909853 on Thu Jun 15 18:39:09 MDT 2017
  **** IP Build 1909766 on Thu Jun 15 19:58:00 MDT 2017
    ** Copyright 1986-2017 Xilinx, Inc. All Rights Reserved.

source eight_bit_counter.tcl -notrace
Starting RTL Elaboration : Time (s): cpu = 00:00:03 ; elapsed = 00:00:04 . Memory (MB): peak = 308.820 ; gain = 78.645
INFO: [Synth 8-638] synthesizing module 'eight_bit_counter' [c:/Users/mv/Documents/dsde/lab5/lab5_5_3/lab5_5_3.srcs/sources_1/ip/eight_bit_counter/synth/eight_bit_counter.vhd:68]
INFO: [Synth 8-256] done synthesizing module 'eight_bit_counter' (8#1) [c:/Users/mv/Documents/dsde/lab5/lab5_5_3/lab5_5_3.srcs/sources_1/ip/eight_bit_counter/synth/eight_bit_counter.vhd:68]
Finished RTL Elaboration : Time (s): cpu = 00:00:05 ; elapsed = 00:00:06 . Memory (MB): peak = 354.816 ; gain = 124.641
Finished RTL Optimization Phase 1 : Time (s): cpu = 00:00:05 ; elapsed = 00:00:06 . Memory (MB): peak = 354.816 ; gain = 124.641
INFO: [Device 21-403] Loading part xc7a100tcsg324-1
Constraint Validation Runtime : Time (s): cpu = 00:00:00 ; elapsed = 00:00:00.014 . Memory (MB): peak = 619.516 ; gain = 0.000
Finished Constraint Validation : Time (s): cpu = 00:00:12 ; elapsed = 00:00:14 . Memory (MB): peak = 619.516 ; gain = 389.340
Finished Loading Part and Timing Information : Time (s): cpu = 00:00:12 ; elapsed = 00:00:14 . Memory (MB): peak = 619.516 ; gain = 389.340
Finished applying 'set_property' XDC Constraints : Time (s): cpu = 00:00:12 ; elapsed = 00:00:14 . Memory (MB): peak = 619.516 ; gain = 389.340
Finished RTL Optimization Phase 2 : Time (s): cpu = 00:00:12 ; elapsed = 00:00:14 . Memory (MB): peak = 619.516 ; gain = 389.340
Finished Cross Boundary and Area Optimization : Time (s): cpu = 00:00:13 ; elapsed = 00:00:14 . Memory (MB): peak = 619.516 ; gain = 389.340
Finished Applying XDC Timing Constraints : Time (s): cpu = 00:00:21 ; elapsed = 00:00:22 . Memory (MB): peak = 619.516 ; gain = 389.340
Finished Timing Optimization : Time (s): cpu = 00:00:21 ; elapsed = 00:00:22 . Memory (MB): peak = 625.340 ; gain = 395.164
Finished Technology Mapping : Time (s): cpu = 00:00:21 ; elapsed = 00:00:22 . Memory (MB): peak = 625.340 ; gain = 395.164
Finished IO Insertion : Time (s): cpu = 00:00:21 ; elapsed = 00:00:23 . Memory (MB): peak = 625.340 ; gain = 395.164
Finished Renaming Generated Instances : Time (s): cpu = 00:00:21 ; elapsed = 00:00:23 . Memory (MB): peak = 625.340 ; gain = 395.164
Finished Rebuilding User Hierarchy : Time (s): cpu = 00:00:21 ; elapsed = 00:00:23 . Memory (MB): peak = 625.340 ; gain = 395.164
Finished Renaming Generated Ports : Time (s): cpu = 00:00:21 ; elapsed = 00:00:23 . Memory (MB): peak = 625.340 ; gain = 395.164
Finished Handling Custom Attributes : Time (s): cpu = 00:00:21 ; elapsed = 00:00:23 . Memory (MB): peak = 625.340 ; gain = 395.164
Finished Renaming Generated Nets : Time (s): cpu = 00:00:21 ; elapsed = 00:00:23 . Memory (MB): peak = 625.340 ; gain = 395.164

Report Cell Usage: 
+------+------+------+
|      |Cell  |Count |
+------+------+------+
|1     |LUT1  |     1|
|2     |LUT2  |     7|
|3     |MUXCY |     6|
|4     |XORCY |     7|
|5     |FDRE  |     7|
+------+------+------+
Finished Writing Synthesis Report : Time (s): cpu = 00:00:21 ; elapsed = 00:00:23 . Memory (MB): peak = 625.340 ; gain = 395.164
synth_design: Time (s): cpu = 00:00:23 ; elapsed = 00:00:24 . Memory (MB): peak = 639.875 ; gain = 410.324
