Unable to capture context for thread 6024 in process 15008, can not generate back trace
Exception at PC 0x00007FF956A8BB93
Printing stacktrace...

[0]  [0x00007FF956A8BB93]
[1]  [0x00007FF956A8BB93]
[2]  [0x00007FF956A8B4A1]
[3]  [0x00007FF956A8B3EF]
[4]  [0x00007FF956A719FE]
[5]  [0x00007FF956A70ED1]
[6]  [0x00007FF956A70D76]
[7]  [0x00007FF956A179F6]
[8]  [0x00007FF956A07AFB]
[9]  [0x00007FF956B2E90A]
[10]  [0x00007FF956B49F87]
[11]  [0x00007FF956B4A05F]
[12] (BaseThreadInitThunk+0x14) [0x00007FF9EA607C24]
[13] (RtlUserThreadStart+0x21) [0x00007FF9EB48D4D1]
Done
Exception at PC 0x00007FF956791A52
Attemped to write at address 0x00007FF9B451ABA4
Printing stacktrace...

[0]  [0x00007FF956791A52]
[1]  [0x00007FF956791A52]
[2]  [0x00007FF956791AD4]
[3]  [0x00007FF9568D3FF7]
[4]  [0x00007FF9567B9128]
[5]  [0x00007FF956A6DFB9]
[6]  [0x00007FF956C3EF23]
[7]  [0x00007FF956B4B06B]
[8]  [0x00007FF956B408AF]
[9]  [0x00007FF956B40A32]
[10] (RtlActivateActivationContextUnsafeFast+0x121) [0x00007FF9EB445021]
[11] (LdrShutdownProcess+0x132) [0x00007FF9EB48B102]
[12] (RtlExitUserProcess+0xad) [0x00007FF9EB48AFAD]
[13] (ExitProcess+0xa) [0x00007FF9EA60CDDA]
[14] (exit+0x85) [0x00007FF9EB37A245]
[15] (initterm_e+0x245) [0x00007FF9EB37A8B5]
[16]  [0x00000000004014CD]
[17]  [0x000000000040151B]
[18] (BaseThreadInitThunk+0x14) [0x00007FF9EA607C24]
[19] (RtlUserThreadStart+0x21) [0x00007FF9EB48D4D1]
Done
