Unable to capture context for thread 5564 in process 9300, can not generate back trace
Exception at PC 0x00007FFFCFA6BB93
Printing stacktrace...

[0]  [0x00007FFFCFA6BB93]
[1]  [0x00007FFFCFA6BB93]
[2]  [0x00007FFFCFA6B4A1]
[3]  [0x00007FFFCFA6B3EF]
[4]  [0x00007FFFCFA519FE]
[5]  [0x00007FFFCFA50ED1]
[6]  [0x00007FFFCFA50D76]
[7]  [0x00007FFFCF9F79F6]
[8]  [0x00007FFFCF9E7AFB]
[9]  [0x00007FFFCFB0E90A]
[10]  [0x00007FFFCFB29F87]
[11]  [0x00007FFFCFB2A05F]
[12] (BaseThreadInitThunk+0x14) [0x00007FF862457C24]
[13] (RtlUserThreadStart+0x21) [0x00007FF8625AD4D1]
Done
Exception at PC 0x00007FFFCF771A52
Attemped to write at address 0x00007FF82FE4ABA4
Printing stacktrace...

[0]  [0x00007FFFCF771A52]
[1]  [0x00007FFFCF771A52]
[2]  [0x00007FFFCF771AD4]
[3]  [0x00007FFFCF8B3FF7]
[4]  [0x00007FFFCF799128]
[5]  [0x00007FFFCFA4DFB9]
[6]  [0x00007FFFCFC1EF23]
[7]  [0x00007FFFCFB2B06B]
[8]  [0x00007FFFCFB208AF]
[9]  [0x00007FFFCFB20A32]
[10] (RtlActivateActivationContextUnsafeFast+0x121) [0x00007FF862565021]
[11] (LdrShutdownProcess+0x132) [0x00007FF8625AB102]
[12] (RtlExitUserProcess+0xad) [0x00007FF8625AAFAD]
[13] (ExitProcess+0xa) [0x00007FF86245CDDA]
[14] (exit+0x85) [0x00007FF86130A245]
[15] (initterm_e+0x245) [0x00007FF86130A8B5]
[16]  [0x00000000004014CD]
[17]  [0x000000000040151B]
[18] (BaseThreadInitThunk+0x14) [0x00007FF862457C24]
[19] (RtlUserThreadStart+0x21) [0x00007FF8625AD4D1]
Done
