Copyright 1986-2017 Xilinx, Inc. All Rights Reserved.
----------------------------------------------------------------------------------------------------------------------------------------------------
| Tool Version     : Vivado v.2017.2 (win64) Build 1909853 Thu Jun 15 18:39:09 MDT 2017
| Date             : Sat Nov 20 12:08:32 2021
| Host             : DESKTOP-Q4GMU0O running 64-bit major release  (build 9200)
| Command          : report_power -file controller_power_routed.rpt -pb controller_power_summary_routed.pb -rpx controller_power_routed.rpx
| Design           : controller
| Device           : xc7a100tcsg324-1
| Design State     : routed
| Grade            : commercial
| Process          : typical
| Characterization : Production
----------------------------------------------------------------------------------------------------------------------------------------------------

Power Report

Table of Contents
-----------------
1. Summary
1.1 On-Chip Components
1.2 Power Supply Summary
1.3 Confidence Level
2. Settings
2.1 Environment
2.2 Clock Constraints
3. Detailed Reports
3.1 By Hierarchy

1. Summary
----------

+--------------------------+--------+
| Total On-Chip Power (W)  | 0.219  |
| Dynamic (W)              | 0.122  |
| Device Static (W)        | 0.097  |
| Effective TJA (C/W)      | 4.6    |
| Max Ambient (C)          | 84.0   |
| Junction Temperature (C) | 26.0   |
| Confidence Level         | Medium |
| Setting File             | ---    |
| Simulation Activity File | ---    |
| Design Nets Matched      | NA     |
+--------------------------+--------+


1.1 On-Chip Components
----------------------

+----------------+-----------+----------+-----------+-----------------+
| On-Chip        | Power (W) | Used     | Available | Utilization (%) |
+----------------+-----------+----------+-----------+-----------------+
| Clocks         |    <0.001 |        8 |       --- |             --- |
| Slice Logic    |    <0.001 |      169 |       --- |             --- |
|   LUT as Logic |    <0.001 |       76 |     63400 |            0.12 |
|   Register     |    <0.001 |       53 |    126800 |            0.04 |
|   CARRY4       |    <0.001 |        2 |     15850 |            0.01 |
|   Others       |     0.000 |        9 |       --- |             --- |
| Signals        |    <0.001 |      102 |       --- |             --- |
| MMCM           |     0.121 |        1 |         6 |           16.67 |
| I/O            |    <0.001 |        7 |       210 |            3.33 |
| Static Power   |     0.097 |          |           |                 |
| Total          |     0.219 |          |           |                 |
+----------------+-----------+----------+-----------+-----------------+


1.2 Power Supply Summary
------------------------

+-----------+-------------+-----------+-------------+------------+
| Source    | Voltage (V) | Total (A) | Dynamic (A) | Static (A) |
+-----------+-------------+-----------+-------------+------------+
| Vccint    |       1.000 |     0.016 |       0.000 |      0.015 |
| Vccaux    |       1.800 |     0.085 |       0.067 |      0.018 |
| Vcco33    |       3.300 |     0.004 |       0.000 |      0.004 |
| Vcco25    |       2.500 |     0.000 |       0.000 |      0.000 |
| Vcco18    |       1.800 |     0.000 |       0.000 |      0.000 |
| Vcco15    |       1.500 |     0.000 |       0.000 |      0.000 |
| Vcco135   |       1.350 |     0.000 |       0.000 |      0.000 |
| Vcco12    |       1.200 |     0.000 |       0.000 |      0.000 |
| Vccaux_io |       1.800 |     0.000 |       0.000 |      0.000 |
| Vccbram   |       1.000 |     0.000 |       0.000 |      0.000 |
| MGTAVcc   |       1.000 |     0.000 |       0.000 |      0.000 |
| MGTAVtt   |       1.200 |     0.000 |       0.000 |      0.000 |
| Vccadc    |       1.800 |     0.020 |       0.000 |      0.020 |
+-----------+-------------+-----------+-------------+------------+


1.3 Confidence Level
--------------------

+-----------------------------+------------+-------------------------------------------------------+------------------------------------------------------------------------------------------------------------+
| User Input Data             | Confidence | Details                                               | Action                                                                                                     |
+-----------------------------+------------+-------------------------------------------------------+------------------------------------------------------------------------------------------------------------+
| Design implementation state | High       | Design is routed                                      |                                                                                                            |
| Clock nodes activity        | High       | User specified more than 95% of clocks                |                                                                                                            |
| I/O nodes activity          | Medium     | More than 5% of inputs are missing user specification | Provide missing input activity with simulation results or by editing the "By Resource Type -> I/Os" view   |
| Internal nodes activity     | Medium     | User specified less than 25% of internal nodes        | Provide missing internal nodes activity with simulation results or by editing the "By Resource Type" views |
| Device models               | High       | Device models are Production                          |                                                                                                            |
|                             |            |                                                       |                                                                                                            |
| Overall confidence level    | Medium     |                                                       |                                                                                                            |
+-----------------------------+------------+-------------------------------------------------------+------------------------------------------------------------------------------------------------------------+


2. Settings
-----------

2.1 Environment
---------------

+-----------------------+--------------------------+
| Ambient Temp (C)      | 25.0                     |
| ThetaJA (C/W)         | 4.6                      |
| Airflow (LFM)         | 250                      |
| Heat Sink             | medium (Medium Profile)  |
| ThetaSA (C/W)         | 4.6                      |
| Board Selection       | medium (10"x10")         |
| # of Board Layers     | 12to15 (12 to 15 Layers) |
| Board Temperature (C) | 25.0                     |
+-----------------------+--------------------------+


2.2 Clock Constraints
---------------------

+------------------------+------------------------------+-----------------+
| Clock                  | Domain                       | Constraint (ns) |
+------------------------+------------------------------+-----------------+
| clk_100Mhz             | clk_100Mhz                   |            10.0 |
| clk_out1_clk_12megas   | U1/inst/clk_out1_clk_12megas |            83.3 |
| clk_out1_clk_12megas_1 | U1/inst/clk_out1_clk_12megas |            83.3 |
| clkfbout_clk_12megas   | U1/inst/clkfbout_clk_12megas |            50.0 |
| clkfbout_clk_12megas_1 | U1/inst/clkfbout_clk_12megas |            50.0 |
| sys_clk_pin            | clk_100Mhz                   |            10.0 |
+------------------------+------------------------------+-----------------+


3. Detailed Reports
-------------------

3.1 By Hierarchy
----------------

+------------+-----------+
| Name       | Power (W) |
+------------+-----------+
| controller |     0.122 |
|   U1       |     0.121 |
|     inst   |     0.121 |
|   U2       |    <0.001 |
|     U1     |    <0.001 |
|     U2     |    <0.001 |
|     U3     |    <0.001 |
+------------+-----------+


