Copyright 1986-2017 Xilinx, Inc. All Rights Reserved.
----------------------------------------------------------------------------------------------
| Tool Version : Vivado v.2017.2 (win64) Build 1909853 Thu Jun 15 18:39:09 MDT 2017
| Date         : Tue Dec 28 18:04:17 2021
| Host         : DESKTOP-Q4GMU0O running 64-bit major release  (build 9200)
| Command      : report_control_sets -verbose -file global_controller_control_sets_placed.rpt
| Design       : global_controller
| Device       : xc7a100t
----------------------------------------------------------------------------------------------

Control Set Information

Table of Contents
-----------------
1. Summary
2. Flip-Flop Distribution
3. Detailed Control Set Information

1. Summary
----------

+----------------------------------------------------------+-------+
|                          Status                          | Count |
+----------------------------------------------------------+-------+
| Number of unique control sets                            |    16 |
| Unused register locations in slices containing registers |    46 |
+----------------------------------------------------------+-------+


2. Flip-Flop Distribution
-------------------------

+--------------+-----------------------+------------------------+-----------------+--------------+
| Clock Enable | Synchronous Set/Reset | Asynchronous Set/Reset | Total Registers | Total Slices |
+--------------+-----------------------+------------------------+-----------------+--------------+
| No           | No                    | No                     |              45 |           22 |
| No           | No                    | Yes                    |               3 |            2 |
| No           | Yes                   | No                     |              93 |           31 |
| Yes          | No                    | No                     |              13 |            7 |
| Yes          | No                    | Yes                    |              10 |            3 |
| Yes          | Yes                   | No                     |             102 |           36 |
+--------------+-----------------------+------------------------+-----------------+--------------+


3. Detailed Control Set Information
-----------------------------------

+---------------------------+---------------------------+---------------------------+------------------+----------------+
|        Clock Signal       |       Enable Signal       |      Set/Reset Signal     | Slice Load Count | Bel Load Count |
+---------------------------+---------------------------+---------------------------+------------------+----------------+
|  U1/inst/clk_out1         | U6/leds_out[4]_i_1_n_0    |                           |                3 |              5 |
|  U1/inst/clk_out1         | U2/U2/dato1_reg_1         | reset_IBUF                |                3 |              8 |
|  U1/inst/clk_out1         | U2/U2/dato2_reg_0         | reset_IBUF                |                3 |              8 |
|  U1/inst/clk_out1         | U2/U2/sample_out_reg      | reset_IBUF                |                1 |              8 |
|  U1/inst/clk_out1         | p_0_in                    |                           |                4 |              8 |
|  filter_in_reg[7]_i_2_n_0 |                           |                           |                4 |              8 |
|  U1/inst/clk_out1         | U2/U1/enable_4_cycles     | reset_IBUF                |                3 |              9 |
|  U1/inst/clk_out1         | U2/U1/E[0]                | reset_IBUF                |                3 |             10 |
|  U1/inst/clk_out1         | U6/leds_out[4]_i_1_n_0    | reset_IBUF                |                3 |             10 |
|  U1/inst/clk_out1         |                           |                           |               10 |             18 |
|  U1/inst/clk_out1         |                           | U5/clear                  |                5 |             18 |
|  U1/inst/clk_out1         | U2/U3/addra_reg_reg[0][0] | reset_IBUF                |               11 |             19 |
|  U2/U2/E[0]               |                           |                           |                8 |             19 |
|  U1/inst/clk_out1         |                           | en_counter_reg[0]_i_1_n_0 |                6 |             23 |
|  U1/inst/clk_out1         | U2/U3/x_0_reg[7]          | reset_IBUF                |               12 |             40 |
|  U1/inst/clk_out1         |                           | reset_IBUF                |               22 |             55 |
+---------------------------+---------------------------+---------------------------+------------------+----------------+


+--------+-----------------------+
| Fanout | Number of ControlSets |
+--------+-----------------------+
| 5      |                     1 |
| 8      |                     5 |
| 9      |                     1 |
| 10     |                     2 |
| 16+    |                     7 |
+--------+-----------------------+


