
*** Running vivado
    with args -log eight_bit_counter.vds -m64 -product Vivado -mode batch -messageDb vivado.pb -notrace -source eight_bit_counter.tcl


****** Vivado v2017.2 (64-bit)
  **** SW Build 1909853 on Thu Jun 15 18:39:09 MDT 2017
  **** IP Build 1909766 on Thu Jun 15 19:58:00 MDT 2017
    ** Copyright 1986-2017 Xilinx, Inc. All Rights Reserved.

source eight_bit_counter.tcl -notrace
Starting RTL Elaboration : Time (s): cpu = 00:00:04 ; elapsed = 00:00:04 . Memory (MB): peak = 309.273 ; gain = 79.266
INFO: [Synth 8-638] synthesizing module 'eight_bit_counter' [c:/Users/mv/Documents/DSED/Digital_Electronic_Design/lab5/lab5_5_3/lab5_5_3.srcs/sources_1/ip/eight_bit_counter/synth/eight_bit_counter.vhd:69]
INFO: [Synth 8-256] done synthesizing module 'eight_bit_counter' (8#1) [c:/Users/mv/Documents/DSED/Digital_Electronic_Design/lab5/lab5_5_3/lab5_5_3.srcs/sources_1/ip/eight_bit_counter/synth/eight_bit_counter.vhd:69]
Finished RTL Elaboration : Time (s): cpu = 00:00:05 ; elapsed = 00:00:06 . Memory (MB): peak = 354.613 ; gain = 124.605
Finished RTL Optimization Phase 1 : Time (s): cpu = 00:00:06 ; elapsed = 00:00:06 . Memory (MB): peak = 354.613 ; gain = 124.605
INFO: [Device 21-403] Loading part xc7a100tcsg324-1
Constraint Validation Runtime : Time (s): cpu = 00:00:00 ; elapsed = 00:00:00.010 . Memory (MB): peak = 624.637 ; gain = 0.000
Finished Constraint Validation : Time (s): cpu = 00:00:12 ; elapsed = 00:00:13 . Memory (MB): peak = 624.637 ; gain = 394.629
Finished Loading Part and Timing Information : Time (s): cpu = 00:00:12 ; elapsed = 00:00:13 . Memory (MB): peak = 624.637 ; gain = 394.629
Finished applying 'set_property' XDC Constraints : Time (s): cpu = 00:00:12 ; elapsed = 00:00:13 . Memory (MB): peak = 624.637 ; gain = 394.629
Finished RTL Optimization Phase 2 : Time (s): cpu = 00:00:12 ; elapsed = 00:00:13 . Memory (MB): peak = 624.637 ; gain = 394.629
Finished Cross Boundary and Area Optimization : Time (s): cpu = 00:00:13 ; elapsed = 00:00:14 . Memory (MB): peak = 624.637 ; gain = 394.629
Finished Applying XDC Timing Constraints : Time (s): cpu = 00:00:20 ; elapsed = 00:00:21 . Memory (MB): peak = 624.637 ; gain = 394.629
Finished Timing Optimization : Time (s): cpu = 00:00:20 ; elapsed = 00:00:21 . Memory (MB): peak = 624.637 ; gain = 394.629
Finished Technology Mapping : Time (s): cpu = 00:00:20 ; elapsed = 00:00:21 . Memory (MB): peak = 625.141 ; gain = 395.133
Finished IO Insertion : Time (s): cpu = 00:00:21 ; elapsed = 00:00:22 . Memory (MB): peak = 625.141 ; gain = 395.133
Finished Renaming Generated Instances : Time (s): cpu = 00:00:21 ; elapsed = 00:00:22 . Memory (MB): peak = 625.141 ; gain = 395.133
Finished Rebuilding User Hierarchy : Time (s): cpu = 00:00:21 ; elapsed = 00:00:22 . Memory (MB): peak = 625.141 ; gain = 395.133
Finished Renaming Generated Ports : Time (s): cpu = 00:00:21 ; elapsed = 00:00:22 . Memory (MB): peak = 625.141 ; gain = 395.133
Finished Handling Custom Attributes : Time (s): cpu = 00:00:21 ; elapsed = 00:00:22 . Memory (MB): peak = 625.141 ; gain = 395.133
Finished Renaming Generated Nets : Time (s): cpu = 00:00:21 ; elapsed = 00:00:22 . Memory (MB): peak = 625.141 ; gain = 395.133

Report Cell Usage: 
+------+------+------+
|      |Cell  |Count |
+------+------+------+
|1     |LUT1  |     1|
|2     |LUT2  |     8|
|3     |MUXCY |     7|
|4     |XORCY |     8|
|5     |FDRE  |     8|
+------+------+------+
Finished Writing Synthesis Report : Time (s): cpu = 00:00:21 ; elapsed = 00:00:22 . Memory (MB): peak = 625.141 ; gain = 395.133
synth_design: Time (s): cpu = 00:00:21 ; elapsed = 00:00:23 . Memory (MB): peak = 638.668 ; gain = 410.293
