Unable to capture context for thread 10548 in process 10128, can not generate back trace
Unable to capture context for thread 14924 in process 10128, can not generate back trace
Exception at PC 0x00007FFC494DBB93
Printing stacktrace...

[0]  [0x00007FFC494DBB93]
[1]  [0x00007FFC494DBB93]
[2]  [0x00007FFC494DB4A1]
[3]  [0x00007FFC494DB3EF]
[4]  [0x00007FFC494C19FE]
[5]  [0x00007FFC494C0ED1]
[6]  [0x00007FFC494C0D76]
[7]  [0x00007FFC494679F6]
[8]  [0x00007FFC49457AFB]
[9]  [0x00007FFC4957E90A]
[10]  [0x00007FFC49599F87]
[11]  [0x00007FFC4959A05F]
[12] (BaseThreadInitThunk+0x14) [0x00007FFCD9D77C24]
[13] (RtlUserThreadStart+0x21) [0x00007FFCDBAAD4D1]
Done
Exception at PC 0x00007FFC491E1A52
Attemped to write at address 0x00007FFC9551ABA4
Printing stacktrace...

[0]  [0x00007FFC491E1A52]
[1]  [0x00007FFC491E1A52]
[2]  [0x00007FFC491E1AD4]
[3]  [0x00007FFC49323FF7]
[4]  [0x00007FFC49209128]
[5]  [0x00007FFC494BDFB9]
[6]  [0x00007FFC4968EF23]
[7]  [0x00007FFC4959B06B]
[8]  [0x00007FFC495908AF]
[9]  [0x00007FFC49590A32]
[10] (RtlActivateActivationContextUnsafeFast+0x121) [0x00007FFCDBA65021]
[11] (LdrShutdownProcess+0x132) [0x00007FFCDBAAB102]
[12] (RtlExitUserProcess+0xad) [0x00007FFCDBAAAFAD]
[13] (ExitProcess+0xa) [0x00007FFCD9D7CDDA]
[14] (exit+0x85) [0x00007FFCD9B8A245]
[15] (initterm_e+0x245) [0x00007FFCD9B8A8B5]
[16]  [0x00000000004014CD]
[17]  [0x000000000040151B]
[18] (BaseThreadInitThunk+0x14) [0x00007FFCD9D77C24]
[19] (RtlUserThreadStart+0x21) [0x00007FFCDBAAD4D1]
Done
