Unable to capture context for thread 13420 in process 8452, can not generate back trace
Unable to capture context for thread 12112 in process 8452, can not generate back trace
Unable to capture context for thread 7148 in process 8452, can not generate back trace
Exception at PC 0x00007FF8DA0BBB93
Printing stacktrace...

[0]  [0x00007FF8DA0BBB93]
[1]  [0x00007FF8DA0BBB93]
[2]  [0x00007FF8DA0BB4A1]
[3]  [0x00007FF8DA0BB3EF]
[4]  [0x00007FF8DA0A19FE]
[5]  [0x00007FF8DA0A0ED1]
[6]  [0x00007FF8DA0A0D76]
[7]  [0x00007FF8DA0479F6]
[8]  [0x00007FF8DA037AFB]
[9]  [0x00007FF8DA15E90A]
[10]  [0x00007FF8DA179F87]
[11]  [0x00007FF8DA17A05F]
[12] (BaseThreadInitThunk+0x14) [0x00007FF92C8D7034]
[13] (RtlUserThreadStart+0x21) [0x00007FF92E7A2651]
Done
Exception at PC 0x00007FF8D9DC1A52
Attemped to write at address 0x00007FF8D39DABA4
Printing stacktrace...

[0]  [0x00007FF8D9DC1A52]
[1]  [0x00007FF8D9DC1A52]
[2]  [0x00007FF8D9DC1AD4]
[3]  [0x00007FF8D9F03FF7]
[4]  [0x00007FF8D9DE9128]
[5]  [0x00007FF8DA09DFB9]
[6]  [0x00007FF8DA26EF23]
[7]  [0x00007FF8DA17B06B]
[8]  [0x00007FF8DA1708AF]
[9]  [0x00007FF8DA170A32]
[10] (RtlActivateActivationContextUnsafeFast+0x11d) [0x00007FF92E769A1D]
[11] (LdrShutdownProcess+0x141) [0x00007FF92E7ADB91]
[12] (RtlExitUserProcess+0xad) [0x00007FF92E7ADA2D]
[13] (FatalExit+0xb) [0x00007FF92C8DE0AB]
[14] (exit+0x85) [0x00007FF92D43A155]
[15] (initterm_e+0x245) [0x00007FF92D43A7C5]
[16]  [0x00000000004014CD]
[17]  [0x000000000040151B]
[18] (BaseThreadInitThunk+0x14) [0x00007FF92C8D7034]
[19] (RtlUserThreadStart+0x21) [0x00007FF92E7A2651]
Done
