#-----------------------------------------------------------
# Vivado v2017.2 (64-bit)
# SW Build 1909853 on Thu Jun 15 18:39:09 MDT 2017
# IP Build 1909766 on Thu Jun 15 19:58:00 MDT 2017
# Start of session at: Sat Oct 23 18:27:14 2021
# Process ID: 12176
# Current directory: C:/Users/mv/Documents/dsde/lab3_1_2/lab3_1_2
# Command line: vivado.exe -gui_launcher_event rodinguilauncherevent10920 C:\Users\mv\Documents\dsde\lab3_1_2\lab3_1_2\lab3_1_2.xpr
# Log file: C:/Users/mv/Documents/dsde/lab3_1_2/lab3_1_2/vivado.log
# Journal file: C:/Users/mv/Documents/dsde/lab3_1_2/lab3_1_2\vivado.jou
#-----------------------------------------------------------
start_gui
open_project C:/Users/mv/Documents/dsde/lab3_1_2/lab3_1_2/lab3_1_2.xpr
INFO: [Project 1-313] Project file moved from 'E:/DSED/DSED_Group6/lab3_1_2' since last save.
Scanning sources...
Finished scanning sources
WARNING: [filemgmt 56-2] IPUserFilesDir: Could not find the directory 'C:/Users/mv/Documents/dsde/lab3_1_2/lab3_1_2/lab3_1_2.ip_user_files', nor could it be found using path 'E:/DSED/DSED_Group6/lab3_1_2/lab3_1_2.ip_user_files'.
INFO: [IP_Flow 19-234] Refreshing IP repositories
INFO: [IP_Flow 19-1704] No user IP repositories specified
INFO: [IP_Flow 19-2313] Loaded Vivado IP repository 'C:/Xilinx/Vivado/2017.2/data/ip'.
update_compile_order -fileset sources_1
exit
INFO: [Common 17-206] Exiting Vivado at Sat Oct 23 18:49:46 2021...
