Unable to capture context for thread 11428 in process 2408, can not generate back trace
Unable to capture context for thread 13388 in process 2408, can not generate back trace
Unable to capture context for thread 2888 in process 2408, can not generate back trace
Unable to capture context for thread 3516 in process 2408, can not generate back trace
Unable to capture context for thread 5648 in process 2408, can not generate back trace
Unable to capture context for thread 9440 in process 2408, can not generate back trace
Unable to capture context for thread 9188 in process 2408, can not generate back trace
Unable to capture context for thread 6948 in process 2408, can not generate back trace
Exception at PC 0x00007FFC05A4BB93
Printing stacktrace...

[0]  [0x00007FFC05A4BB93]
[1]  [0x00007FFC05A4BB93]
[2]  [0x00007FFC05A4B4A1]
[3]  [0x00007FFC05A4B459]
[4]  [0x00007FFC05A319FE]
[5]  [0x00007FFC05A30ED1]
[6]  [0x00007FFC05A30D76]
[7]  [0x00007FFC059D79F6]
[8]  [0x00007FFC059C7AFB]
[9]  [0x00007FFC05AEE90A]
[10]  [0x00007FFC05B09F87]
[11]  [0x00007FFC05B0A05F]
[12] (BaseThreadInitThunk+0x14) [0x00007FFCA1947034]
[13] (RtlUserThreadStart+0x21) [0x00007FFCA2542651]
Done
Exception at PC 0x00007FFC05751A52
Attemped to write at address 0x00007FFC7B15ABA4
Printing stacktrace...

[0]  [0x00007FFC05751A52]
[1]  [0x00007FFC05751A52]
[2]  [0x00007FFC05751AD4]
[3]  [0x00007FFC05893FF7]
[4]  [0x00007FFC05779128]
[5]  [0x00007FFC05A2DFB9]
[6]  [0x00007FFC05BFEF23]
[7]  [0x00007FFC05B0B06B]
[8]  [0x00007FFC05B008AF]
[9]  [0x00007FFC05B00A32]
[10] (RtlActivateActivationContextUnsafeFast+0x11d) [0x00007FFCA2509A1D]
[11] (LdrShutdownProcess+0x141) [0x00007FFCA254DB91]
[12] (RtlExitUserProcess+0xad) [0x00007FFCA254DA2D]
[13] (FatalExit+0xb) [0x00007FFCA194E0AB]
[14] (exit+0x85) [0x00007FFCA098A155]
[15] (initterm_e+0x245) [0x00007FFCA098A7C5]
[16]  [0x00000000004014CD]
[17]  [0x000000000040151B]
[18] (BaseThreadInitThunk+0x14) [0x00007FFCA1947034]
[19] (RtlUserThreadStart+0x21) [0x00007FFCA2542651]
Done
