Unable to capture context for thread 13336 in process 1668, can not generate back trace
Unable to capture context for thread 15188 in process 1668, can not generate back trace
Exception at PC 0x00007FF87226BB93
Printing stacktrace...

[0]  [0x00007FF87226BB93]
[1]  [0x00007FF87226BB93]
[2]  [0x00007FF87226B4A1]
[3]  [0x00007FF87226B3EF]
[4]  [0x00007FF8722519FE]
[5]  [0x00007FF872250ED1]
[6]  [0x00007FF872250D76]
[7]  [0x00007FF8721F79F6]
[8]  [0x00007FF8721E7AFB]
[9]  [0x00007FF87230E90A]
[10]  [0x00007FF872329F87]
[11]  [0x00007FF87232A05F]
[12] (BaseThreadInitThunk+0x14) [0x00007FF92C8D7034]
[13] (RtlUserThreadStart+0x21) [0x00007FF92E7A2651]
Done
Exception at PC 0x00007FF871F71A52
Attemped to write at address 0x00007FF8AB8FABA4
Printing stacktrace...

[0]  [0x00007FF871F71A52]
[1]  [0x00007FF871F71A52]
[2]  [0x00007FF871F71AD4]
[3]  [0x00007FF8720B3FF7]
[4]  [0x00007FF871F99128]
[5]  [0x00007FF87224DFB9]
[6]  [0x00007FF87241EF23]
[7]  [0x00007FF87232B06B]
[8]  [0x00007FF8723208AF]
[9]  [0x00007FF872320A32]
[10] (RtlActivateActivationContextUnsafeFast+0x11d) [0x00007FF92E769A1D]
[11] (LdrShutdownProcess+0x141) [0x00007FF92E7ADB91]
[12] (RtlExitUserProcess+0xad) [0x00007FF92E7ADA2D]
[13] (FatalExit+0xb) [0x00007FF92C8DE0AB]
[14] (exit+0x85) [0x00007FF92D43A155]
[15] (initterm_e+0x245) [0x00007FF92D43A7C5]
[16]  [0x00000000004014CD]
[17]  [0x000000000040151B]
[18] (BaseThreadInitThunk+0x14) [0x00007FF92C8D7034]
[19] (RtlUserThreadStart+0x21) [0x00007FF92E7A2651]
Done
