Unable to capture context for thread 15796 in process 6356, can not generate back trace
Unable to capture context for thread 2308 in process 6356, can not generate back trace
Unable to capture context for thread 1556 in process 6356, can not generate back trace
Unable to capture context for thread 6628 in process 6356, can not generate back trace
Unable to capture context for thread 9828 in process 6356, can not generate back trace
Unable to capture context for thread 13988 in process 6356, can not generate back trace
Unable to capture context for thread 12592 in process 6356, can not generate back trace
Unable to capture context for thread 6320 in process 6356, can not generate back trace
Exception at PC 0x00007FFE8009BB93
Printing stacktrace...

[0]  [0x00007FFE8009BB93]
[1]  [0x00007FFE8009BB93]
[2]  [0x00007FFE8009B4A1]
[3]  [0x00007FFE8009B459]
[4]  [0x00007FFE800819FE]
[5]  [0x00007FFE80080ED1]
[6]  [0x00007FFE80080D76]
[7]  [0x00007FFE800279F6]
[8]  [0x00007FFE80017AFB]
[9]  [0x00007FFE8013E90A]
[10]  [0x00007FFE80159F87]
[11]  [0x00007FFE8015A05F]
[12] (BaseThreadInitThunk+0x14) [0x00007FFF24E87034]
[13] (RtlUserThreadStart+0x21) [0x00007FFF25A62651]
Done
Exception at PC 0x00007FFE7FDA1A52
Attemped to write at address 0x00007FFECF28ABA4
Printing stacktrace...

[0]  [0x00007FFE7FDA1A52]
[1]  [0x00007FFE7FDA1A52]
[2]  [0x00007FFE7FDA1AD4]
[3]  [0x00007FFE7FEE3FF7]
[4]  [0x00007FFE7FDC9128]
[5]  [0x00007FFE8007DFB9]
[6]  [0x00007FFE8024EF23]
[7]  [0x00007FFE8015B06B]
[8]  [0x00007FFE801508AF]
[9]  [0x00007FFE80150A32]
[10] (RtlActivateActivationContextUnsafeFast+0x11d) [0x00007FFF25A29A1D]
[11] (LdrShutdownProcess+0x141) [0x00007FFF25A6DB91]
[12] (RtlExitUserProcess+0xad) [0x00007FFF25A6DA2D]
[13] (FatalExit+0xb) [0x00007FFF24E8E0AB]
[14] (exit+0x85) [0x00007FFF2484A155]
[15] (initterm_e+0x245) [0x00007FFF2484A7C5]
[16]  [0x00000000004014CD]
[17]  [0x000000000040151B]
[18] (BaseThreadInitThunk+0x14) [0x00007FFF24E87034]
[19] (RtlUserThreadStart+0x21) [0x00007FFF25A62651]
Done
