Unable to capture context for thread 8988 in process 16280, can not generate back trace
Unable to capture context for thread 18564 in process 16280, can not generate back trace
Exception at PC 0x00007FF97571BB93
Printing stacktrace...

[0]  [0x00007FF97571BB93]
[1]  [0x00007FF97571BB93]
[2]  [0x00007FF97571B4A1]
[3]  [0x00007FF97571B3EF]
[4]  [0x00007FF9757019FE]
[5]  [0x00007FF975700ED1]
[6]  [0x00007FF975700D76]
[7]  [0x00007FF9756A79F6]
[8]  [0x00007FF975697AFB]
[9]  [0x00007FF9757BE90A]
[10]  [0x00007FF9757D9F87]
[11]  [0x00007FF9757DA05F]
[12] (BaseThreadInitThunk+0x14) [0x00007FF9FBFE7034]
[13] (RtlUserThreadStart+0x21) [0x00007FF9FD502651]
Done
Exception at PC 0x00007FF975421A52
Attemped to write at address 0x00007FF9792EABA4
Printing stacktrace...

[0]  [0x00007FF975421A52]
[1]  [0x00007FF975421A52]
[2]  [0x00007FF975421AD4]
[3]  [0x00007FF975563FF7]
[4]  [0x00007FF975449128]
[5]  [0x00007FF9756FDFB9]
[6]  [0x00007FF9758CEF23]
[7]  [0x00007FF9757DB06B]
[8]  [0x00007FF9757D08AF]
[9]  [0x00007FF9757D0A32]
[10] (RtlActivateActivationContextUnsafeFast+0x11d) [0x00007FF9FD4C9A1D]
[11] (LdrShutdownProcess+0x141) [0x00007FF9FD50DB91]
[12] (RtlExitUserProcess+0xad) [0x00007FF9FD50DA2D]
[13] (FatalExit+0xb) [0x00007FF9FBFEE0AB]
[14] (exit+0x85) [0x00007FF9FD21A155]
[15] (initterm_e+0x245) [0x00007FF9FD21A7C5]
[16]  [0x00000000004014CD]
[17]  [0x000000000040151B]
[18] (BaseThreadInitThunk+0x14) [0x00007FF9FBFE7034]
[19] (RtlUserThreadStart+0x21) [0x00007FF9FD502651]
Done
