#-----------------------------------------------------------
# Vivado v2017.2 (64-bit)
# SW Build 1909853 on Thu Jun 15 18:39:09 MDT 2017
# IP Build 1909766 on Thu Jun 15 19:58:00 MDT 2017
# Start of session at: Sat Oct 23 19:44:46 2021
# Process ID: 11892
# Current directory: C:/Users/mv/Documents/dsde/lab3_2_1/lab3_2_1
# Command line: vivado.exe -gui_launcher_event rodinguilauncherevent13140 C:\Users\mv\Documents\dsde\lab3_2_1\lab3_2_1\lab3_2_1.xpr
# Log file: C:/Users/mv/Documents/dsde/lab3_2_1/lab3_2_1/vivado.log
# Journal file: C:/Users/mv/Documents/dsde/lab3_2_1/lab3_2_1\vivado.jou
#-----------------------------------------------------------
start_gui
open_project C:/Users/mv/Documents/dsde/lab3_2_1/lab3_2_1/lab3_2_1.xpr
INFO: [Project 1-313] Project file moved from 'C:/Users/Cristina Conforto/Documents/TELECO/4/DSED/vivado/labe2/lab3_2_1' since last save.
CRITICAL WARNING: [Project 1-311] Could not find the file 'C:/../Desktop/Nexys4DDR_Master.xdc', nor could it be found using path 'C:/Users/Cristina Conforto/Desktop/Nexys4DDR_Master.xdc'.
Scanning sources...
Finished scanning sources
WARNING: [filemgmt 56-2] IPUserFilesDir: Could not find the directory 'C:/Users/mv/Documents/dsde/lab3_2_1/lab3_2_1/lab3_2_1.ip_user_files', nor could it be found using path 'C:/Users/Cristina Conforto/Documents/TELECO/4/DSED/vivado/labe2/lab3_2_1/lab3_2_1.ip_user_files'.
INFO: [IP_Flow 19-234] Refreshing IP repositories
INFO: [IP_Flow 19-1704] No user IP repositories specified
INFO: [IP_Flow 19-2313] Loaded Vivado IP repository 'C:/Xilinx/Vivado/2017.2/data/ip'.
update_compile_order -fileset sources_1
exit
INFO: [Common 17-206] Exiting Vivado at Sat Oct 23 20:11:13 2021...
